<?xml version="1.0" encoding="UTF-8"?>
<testsuite name="com.app.server.service.PasswordAlgoTestCase" tests="4" skipped="0" failures="0" errors="0" timestamp="2015-12-20T18:40:48" hostname="09e161418538" time="0.058">
  <properties/>
  <testcase name="test1Save" classname="com.app.server.service.PasswordAlgoTestCase" time="0.037"/>
  <testcase name="test2Update" classname="com.app.server.service.PasswordAlgoTestCase" time="0.009"/>
  <testcase name="test3FindById" classname="com.app.server.service.PasswordAlgoTestCase" time="0.004"/>
  <testcase name="test4Delete" classname="com.app.server.service.PasswordAlgoTestCase" time="0.007"/>
  <system-out><![CDATA[Setting logged in user info for ADD
In around repository aspect
[EL Fine]: sql: 2015-12-20 18:40:48.813--ClientSession(204623119)--Connection(1552301182)--Thread(Thread[Test worker,5,main])--INSERT INTO ast_PasswordAlgo_M (algoId, algoDescription, algoHelp, algoIcon, algoName, algorithm, versionId, createdBy, createdDate, updatedBy, updatedDate, activeStatus, txnAccessCode) VALUES (?, ?, ?, ?, ?, ?, ?, ?, ?, ?, ?, ?, ?)
	bind => [5FEC14AC-7BF2-4FEE-90EF-71C026BB61B5, yQ40Nrh5DOsD9OK7NKXBXtK69JTnaXKHEUL4x7bfnlYLZvO6nG, QITksu2f09H23WWumJXvNoTCtAgptJL0Abfx6wrKir4B0FgXNk, 6cxi2v0XsDIUF9PqIRkTfmC6CAMoO7ScmXJIDBfruyVLzNDQML, ttp80sncutfM7c4XiasCdyvxFCKc6SmlzhcTffeGrcnQy5uvV0, 3, 1, AAAAA, 2015-12-21 00:10:48.789, null, 2015-12-21 00:10:48.789, 1, null]
In around repository aspect
[EL Fine]: sql: 2015-12-20 18:40:48.821--ClientSession(1875113529)--Connection(1552301182)--Thread(Thread[Test worker,5,main])--SELECT algoId, algoDescription, algoHelp, algoIcon, algoName, algorithm, versionId, createdBy, createdDate, updatedBy, updatedDate, activeStatus, txnAccessCode FROM ast_PasswordAlgo_M WHERE ((activeStatus = ?) AND (algoId = ?))
	bind => [1, 5FEC14AC-7BF2-4FEE-90EF-71C026BB61B5]
Setting logged in user info for UPDATE
In around repository aspect
[EL Fine]: sql: 2015-12-20 18:40:48.823--ClientSession(331678278)--Connection(1552301182)--Thread(Thread[Test worker,5,main])--SELECT algoId, algoDescription, algoHelp, algoIcon, algoName, algorithm, versionId, createdBy, createdDate, updatedBy, updatedDate, activeStatus, txnAccessCode FROM ast_PasswordAlgo_M WHERE (algoId = ?)
	bind => [5FEC14AC-7BF2-4FEE-90EF-71C026BB61B5]
[EL Fine]: sql: 2015-12-20 18:40:48.824--ClientSession(331678278)--Connection(1552301182)--Thread(Thread[Test worker,5,main])--UPDATE ast_PasswordAlgo_M SET algoDescription = ?, algoHelp = ?, algoIcon = ?, algoName = ?, algorithm = ?, updatedBy = ?, versionId = ? WHERE ((algoId = ?) AND (versionId = ?))
	bind => [9UUK1GzuGtcjVLdSXphALC4682wX8v9ghSbQ0e6voMYUPMkQol, hg387LBXPDsRYmoGkaYqbRWnHGNhTxTUR7bS1PiGo2EWjoiqoy, L6FS0VDZvVXSvDYab6mCnj7MCxuoBVM21tFOBY9g5LDP3WjMV8, H7AOqUbfcjZFq3jQ2KYYXuvTsoXfWegSMql5GcELbdQ61HjY7o, 10, AAAAA, 2, 5FEC14AC-7BF2-4FEE-90EF-71C026BB61B5, 1]
In around repository aspect
[EL Fine]: sql: 2015-12-20 18:40:48.83--ClientSession(1719346146)--Connection(1552301182)--Thread(Thread[Test worker,5,main])--SELECT algoId, algoDescription, algoHelp, algoIcon, algoName, algorithm, versionId, createdBy, createdDate, updatedBy, updatedDate, activeStatus, txnAccessCode FROM ast_PasswordAlgo_M WHERE ((activeStatus = ?) AND (algoId = ?))
	bind => [1, 5FEC14AC-7BF2-4FEE-90EF-71C026BB61B5]
In around repository aspect
[EL Fine]: sql: 2015-12-20 18:40:48.834--ClientSession(639631777)--Connection(1552301182)--Thread(Thread[Test worker,5,main])--SELECT algoId, algoDescription, algoHelp, algoIcon, algoName, algorithm, versionId, createdBy, createdDate, updatedBy, updatedDate, activeStatus, txnAccessCode FROM ast_PasswordAlgo_M WHERE (algoId = ?)
	bind => [5FEC14AC-7BF2-4FEE-90EF-71C026BB61B5]
[EL Fine]: sql: 2015-12-20 18:40:48.835--ClientSession(639631777)--Connection(1552301182)--Thread(Thread[Test worker,5,main])--DELETE FROM ast_PasswordAlgo_M WHERE ((algoId = ?) AND (versionId = ?))
	bind => [5FEC14AC-7BF2-4FEE-90EF-71C026BB61B5, 2]
]]></system-out>
  <system-err><![CDATA[]]></system-err>
</testsuite>
