<?xml version="1.0" encoding="UTF-8"?>
<testsuite name="com.app.server.service.AppCustomerTypeTestCase" tests="4" skipped="0" failures="0" errors="0" timestamp="2015-12-20T18:40:47" hostname="09e161418538" time="0.12">
  <properties/>
  <testcase name="test1Save" classname="com.app.server.service.AppCustomerTypeTestCase" time="0.045"/>
  <testcase name="test2Update" classname="com.app.server.service.AppCustomerTypeTestCase" time="0.013"/>
  <testcase name="test3FindById" classname="com.app.server.service.AppCustomerTypeTestCase" time="0.005"/>
  <testcase name="test4Delete" classname="com.app.server.service.AppCustomerTypeTestCase" time="0.057"/>
  <system-out><![CDATA[Setting logged in user info for ADD
In around repository aspect
[EL Fine]: sql: 2015-12-20 18:40:47.127--ClientSession(849428742)--Connection(1552301182)--Thread(Thread[Test worker,5,main])--INSERT INTO ast_AppCustomerType_M (appcustTypeId, customerType, defaults, sequenceId, versionId, createdBy, createdDate, updatedBy, updatedDate, activeStatus, txnAccessCode) VALUES (?, ?, ?, ?, ?, ?, ?, ?, ?, ?, ?)
	bind => [884F23CC-FCF8-4FDA-AADF-D560A0C26DD5, du0TiggYvMqDS8fiTyYdQEgqHEqX9AbKsjjgwBKwdtluqiaFpv, 0, 2147483647, 1, AAAAA, 2015-12-21 00:10:47.096, null, 2015-12-21 00:10:47.096, 1, null]
In around repository aspect
[EL Fine]: sql: 2015-12-20 18:40:47.137--ClientSession(1350803098)--Connection(1552301182)--Thread(Thread[Test worker,5,main])--SELECT appcustTypeId, customerType, defaults, sequenceId, versionId, createdBy, createdDate, updatedBy, updatedDate, activeStatus, txnAccessCode FROM ast_AppCustomerType_M WHERE ((activeStatus = ?) AND (appcustTypeId = ?))
	bind => [1, 884F23CC-FCF8-4FDA-AADF-D560A0C26DD5]
Setting logged in user info for UPDATE
In around repository aspect
[EL Fine]: sql: 2015-12-20 18:40:47.14--ClientSession(520313852)--Connection(1552301182)--Thread(Thread[Test worker,5,main])--SELECT appcustTypeId, customerType, defaults, sequenceId, versionId, createdBy, createdDate, updatedBy, updatedDate, activeStatus, txnAccessCode FROM ast_AppCustomerType_M WHERE (appcustTypeId = ?)
	bind => [884F23CC-FCF8-4FDA-AADF-D560A0C26DD5]
[EL Fine]: sql: 2015-12-20 18:40:47.141--ClientSession(520313852)--Connection(1552301182)--Thread(Thread[Test worker,5,main])--UPDATE ast_AppCustomerType_M SET customerType = ?, defaults = ?, updatedBy = ?, versionId = ? WHERE ((appcustTypeId = ?) AND (versionId = ?))
	bind => [SzdpIFcvmH1Ui4sTtXaQqWF9mQbshGWMJJ3gKMA0lxbvPzsrXc, 1, AAAAA, 2, 884F23CC-FCF8-4FDA-AADF-D560A0C26DD5, 1]
In around repository aspect
[EL Fine]: sql: 2015-12-20 18:40:47.147--ClientSession(346531002)--Connection(1552301182)--Thread(Thread[Test worker,5,main])--SELECT appcustTypeId, customerType, defaults, sequenceId, versionId, createdBy, createdDate, updatedBy, updatedDate, activeStatus, txnAccessCode FROM ast_AppCustomerType_M WHERE ((activeStatus = ?) AND (appcustTypeId = ?))
	bind => [1, 884F23CC-FCF8-4FDA-AADF-D560A0C26DD5]
In around repository aspect
[EL Fine]: sql: 2015-12-20 18:40:47.152--ClientSession(33489646)--Connection(1552301182)--Thread(Thread[Test worker,5,main])--SELECT appcustTypeId, customerType, defaults, sequenceId, versionId, createdBy, createdDate, updatedBy, updatedDate, activeStatus, txnAccessCode FROM ast_AppCustomerType_M WHERE (appcustTypeId = ?)
	bind => [884F23CC-FCF8-4FDA-AADF-D560A0C26DD5]
[EL Fine]: sql: 2015-12-20 18:40:47.153--ClientSession(33489646)--Connection(1552301182)--Thread(Thread[Test worker,5,main])--DELETE FROM ast_AppCustomerType_M WHERE ((appcustTypeId = ?) AND (versionId = ?))
	bind => [884F23CC-FCF8-4FDA-AADF-D560A0C26DD5, 2]
]]></system-out>
  <system-err><![CDATA[]]></system-err>
</testsuite>
