<?xml version="1.0" encoding="UTF-8"?>
<testsuite name="com.app.server.service.UserAccessLevelTestCase" tests="4" skipped="0" failures="0" errors="0" timestamp="2015-12-20T18:40:47" hostname="09e161418538" time="0.074">
  <properties/>
  <testcase name="test1Save" classname="com.app.server.service.UserAccessLevelTestCase" time="0.05"/>
  <testcase name="test2Update" classname="com.app.server.service.UserAccessLevelTestCase" time="0.011"/>
  <testcase name="test3FindById" classname="com.app.server.service.UserAccessLevelTestCase" time="0.005"/>
  <testcase name="test4Delete" classname="com.app.server.service.UserAccessLevelTestCase" time="0.008"/>
  <system-out><![CDATA[Setting logged in user info for ADD
In around repository aspect
[EL Fine]: sql: 2015-12-20 18:40:47.057--ClientSession(1380431184)--Connection(1552301182)--Thread(Thread[Test worker,5,main])--INSERT INTO ast_UserAccessLevel_M (userAccessLevelId, levelDescription, levelHelp, levelIcon, levelName, userAccessLevel, versionId, createdBy, createdDate, updatedBy, updatedDate, activeStatus, txnAccessCode) VALUES (?, ?, ?, ?, ?, ?, ?, ?, ?, ?, ?, ?, ?)
	bind => [5AB768C7-6880-48C2-81DD-96EA7E3BB49B, fS4ChLOjc3zEn1MEGncyEl2GhJxmkOEMy7rRiCO2Ucfgnrseuv, uXIqvazrrecv2FAcYhcieKNzrBokzczdO74sCTI6G0NxzdvasS, kKqP1DcOchbgnV8XBrC3CLm5g3EFpqgxXIwqTHiSs2IpMA3owi, ppIsHEOaxLKog9wXFPg41TKz6bEHYq6zJOGwIGCk7V25Nvlumk, 54144, 1, AAAAA, 2015-12-21 00:10:47.023, null, 2015-12-21 00:10:47.023, 1, null]
In around repository aspect
[EL Fine]: sql: 2015-12-20 18:40:47.065--ClientSession(657359184)--Connection(1552301182)--Thread(Thread[Test worker,5,main])--SELECT userAccessLevelId, levelDescription, levelHelp, levelIcon, levelName, userAccessLevel, versionId, createdBy, createdDate, updatedBy, updatedDate, activeStatus, txnAccessCode FROM ast_UserAccessLevel_M WHERE ((activeStatus = ?) AND (userAccessLevelId = ?))
	bind => [1, 5AB768C7-6880-48C2-81DD-96EA7E3BB49B]
Setting logged in user info for UPDATE
In around repository aspect
[EL Fine]: sql: 2015-12-20 18:40:47.067--ClientSession(1692592696)--Connection(1552301182)--Thread(Thread[Test worker,5,main])--SELECT userAccessLevelId, levelDescription, levelHelp, levelIcon, levelName, userAccessLevel, versionId, createdBy, createdDate, updatedBy, updatedDate, activeStatus, txnAccessCode FROM ast_UserAccessLevel_M WHERE (userAccessLevelId = ?)
	bind => [5AB768C7-6880-48C2-81DD-96EA7E3BB49B]
[EL Fine]: sql: 2015-12-20 18:40:47.069--ClientSession(1692592696)--Connection(1552301182)--Thread(Thread[Test worker,5,main])--UPDATE ast_UserAccessLevel_M SET levelDescription = ?, levelHelp = ?, levelIcon = ?, levelName = ?, userAccessLevel = ?, updatedBy = ?, versionId = ? WHERE ((userAccessLevelId = ?) AND (versionId = ?))
	bind => [cDQr9QvglefHgzfgYI5wTdqrRGUvBB1g5lyOFzPn8IygNVZr0d, bUSyaSB8F8tWyXt6UnjIIYpXYHeezr7WRouNykGESxakeGaTkG, Mc2L1J2kO4Oat0Trq4Pr7UUmu1rbjTkRLPE4UHnVanTpx100h3, PWkTmAlJG4RfnNXVIIpElGOvUYpQgAviWbSeOmEKxhqwY2fBgt, 6112, AAAAA, 2, 5AB768C7-6880-48C2-81DD-96EA7E3BB49B, 1]
In around repository aspect
[EL Fine]: sql: 2015-12-20 18:40:47.075--ClientSession(2147101377)--Connection(1552301182)--Thread(Thread[Test worker,5,main])--SELECT userAccessLevelId, levelDescription, levelHelp, levelIcon, levelName, userAccessLevel, versionId, createdBy, createdDate, updatedBy, updatedDate, activeStatus, txnAccessCode FROM ast_UserAccessLevel_M WHERE ((activeStatus = ?) AND (userAccessLevelId = ?))
	bind => [1, 5AB768C7-6880-48C2-81DD-96EA7E3BB49B]
In around repository aspect
[EL Fine]: sql: 2015-12-20 18:40:47.08--ClientSession(1883647298)--Connection(1552301182)--Thread(Thread[Test worker,5,main])--SELECT userAccessLevelId, levelDescription, levelHelp, levelIcon, levelName, userAccessLevel, versionId, createdBy, createdDate, updatedBy, updatedDate, activeStatus, txnAccessCode FROM ast_UserAccessLevel_M WHERE (userAccessLevelId = ?)
	bind => [5AB768C7-6880-48C2-81DD-96EA7E3BB49B]
[EL Fine]: sql: 2015-12-20 18:40:47.081--ClientSession(1883647298)--Connection(1552301182)--Thread(Thread[Test worker,5,main])--DELETE FROM ast_UserAccessLevel_M WHERE ((userAccessLevelId = ?) AND (versionId = ?))
	bind => [5AB768C7-6880-48C2-81DD-96EA7E3BB49B, 2]
]]></system-out>
  <system-err><![CDATA[]]></system-err>
</testsuite>
